<?xml version="1.0" encoding="UTF-8"?>
<!-- Generated by org.testng.reporters.JUnitReportReporter -->
<testsuite hostname="hp-PC" failures="0" tests="1" name="test.LoginTest" time="13.768" errors="0" timestamp="2022-04-04T21:40:36 IST" skipped="0">
  <testcase classname="test.LoginTest" name="login" time="13.768"/>
  <system-out/>
</testsuite> <!-- test.LoginTest -->
